<?xml version="1.0" encoding="UTF-8"?>
<testsuite name="Cucumber" time="27.313" tests="1" skipped="0" failures="0" errors="0">
<testcase classname="Login Page Functionality" name="User can login with valid credentials" time="27.07">
<system-out><![CDATA[
Given I am on the login page................................................passed
When I enter valid "<username>" and "<password>"............................passed
And I click on the login button.............................................passed
Then I should be logged in successfully.....................................passed
]]></system-out>
</testcase>
</testsuite>
